<?xml version="1.0" encoding="UTF-8"?>
<testsuite xmlns:xsi="http://www.w3.org/2001/XMLSchema-instance" xsi:noNamespaceSchemaLocation="https://maven.apache.org/surefire/maven-surefire-plugin/xsd/surefire-test-report-3.0.xsd" version="3.0" name="com.budgetplanner.demo.DemoApplicationTests" time="3.398" tests="1" errors="0" skipped="0" failures="0">
  <properties>
[...]
</properties>
  <testcase name="contextLoads" classname="com.budgetplanner.demo.DemoApplicationTests" time="0.43">
    <system-out><![CDATA[20:40:00.940 [main] INFO org.springframework.test.context.support.AnnotationConfigContextLoaderUtils -- Could not detect default configuration classes for test class [com.budgetplanner.demo.DemoApplicationTests]: DemoApplicationTests does not declare any static, non-private, non-final, nested classes annotated with @Configuration.
20:40:01.006 [main] INFO org.springframework.boot.test.context.SpringBootTestContextBootstrapper -- Found @SpringBootConfiguration com.budgetplanner.demo.DemoApplication for test class com.budgetplanner.demo.DemoApplicationTests

  .   ____          _            __ _ _
 /\\ / ___'_ __ _ _(_)_ __  __ _ \ \ \ \
( ( )\___ | '_ | '_| | '_ \/ _` | \ \ \ \
 \\/  ___)| |_)| | | | | || (_| |  ) ) ) )
  '  |____| .__|_| |_|_| |_\__, | / / / /
 =========|_|==============|___/=/_/_/_/
 :: Spring Boot ::                (v3.1.5)

2023-11-21T20:40:01.276+03:00  INFO 10800 --- [           main] c.b.demo.DemoApplicationTests            : Starting DemoApplicationTests using Java 17.0.7 with PID 10800 (started by Nilufer_Pinsoft in C:\Users\Nilufer_Pinsoft\Desktop\budget-tracker)
2023-11-21T20:40:01.278+03:00  INFO 10800 --- [           main] c.b.demo.DemoApplicationTests            : No active profile set, falling back to 1 default profile: "default"
2023-11-21T20:40:01.707+03:00  INFO 10800 --- [           main] .s.d.r.c.RepositoryConfigurationDelegate : Multiple Spring Data modules found, entering strict repository configuration mode
2023-11-21T20:40:01.708+03:00  INFO 10800 --- [           main] .s.d.r.c.RepositoryConfigurationDelegate : Bootstrapping Spring Data JDBC repositories in DEFAULT mode.
2023-11-21T20:40:01.721+03:00  INFO 10800 --- [           main] .s.d.r.c.RepositoryConfigurationDelegate : Finished Spring Data repository scanning in 10 ms. Found 0 JDBC repository interfaces.
2023-11-21T20:40:01.730+03:00  INFO 10800 --- [           main] .s.d.r.c.RepositoryConfigurationDelegate : Multiple Spring Data modules found, entering strict repository configuration mode
2023-11-21T20:40:01.731+03:00  INFO 10800 --- [           main] .s.d.r.c.RepositoryConfigurationDelegate : Bootstrapping Spring Data JPA repositories in DEFAULT mode.
2023-11-21T20:40:01.736+03:00  INFO 10800 --- [           main] .s.d.r.c.RepositoryConfigurationDelegate : Finished Spring Data repository scanning in 1 ms. Found 0 JPA repository interfaces.
2023-11-21T20:40:02.017+03:00  INFO 10800 --- [           main] com.zaxxer.hikari.HikariDataSource       : HikariPool-1 - Starting...
2023-11-21T20:40:02.252+03:00  INFO 10800 --- [           main] com.zaxxer.hikari.pool.HikariPool        : HikariPool-1 - Added connection org.postgresql.jdbc.PgConnection@10b4e7f8
2023-11-21T20:40:02.253+03:00  INFO 10800 --- [           main] com.zaxxer.hikari.HikariDataSource       : HikariPool-1 - Start completed.
2023-11-21T20:40:02.345+03:00  INFO 10800 --- [           main] liquibase.database                       : Set default schema name to public
2023-11-21T20:40:02.647+03:00  INFO 10800 --- [           main] liquibase.changelog                      : Reading from public.databasechangelog
2023-11-21T20:40:02.655+03:00  INFO 10800 --- [           main] liquibase.executor                       : Changelog query completed.
Database is up to date, no changesets to execute
2023-11-21T20:40:02.742+03:00  INFO 10800 --- [           main] o.hibernate.jpa.internal.util.LogHelper  : HHH000204: Processing PersistenceUnitInfo [name: default]
2023-11-21T20:40:02.798+03:00  INFO 10800 --- [           main] org.hibernate.Version                    : HHH000412: Hibernate ORM core version 6.2.13.Final
2023-11-21T20:40:02.801+03:00  INFO 10800 --- [           main] org.hibernate.cfg.Environment            : HHH000406: Using bytecode reflection optimizer
2023-11-21T20:40:03.027+03:00  INFO 10800 --- [           main] o.s.o.j.p.SpringPersistenceUnitInfo      : No LoadTimeWeaver setup: ignoring JPA class transformer
2023-11-21T20:40:03.061+03:00  WARN 10800 --- [           main] org.hibernate.orm.deprecation            : HHH90000025: PostgreSQLDialect does not need to be specified explicitly using 'hibernate.dialect' (remove the property setting and it will be selected by default)
2023-11-21T20:40:03.271+03:00  INFO 10800 --- [           main] o.h.e.t.j.p.i.JtaPlatformInitiator       : HHH000489: No JTA platform available (set 'hibernate.transaction.jta.platform' to enable JTA platform integration)
2023-11-21T20:40:03.275+03:00  INFO 10800 --- [           main] j.LocalContainerEntityManagerFactoryBean : Initialized JPA EntityManagerFactory for persistence unit 'default'
2023-11-21T20:40:03.396+03:00  WARN 10800 --- [           main] JpaBaseConfiguration$JpaWebConfiguration : spring.jpa.open-in-view is enabled by default. Therefore, database queries may be performed during view rendering. Explicitly configure spring.jpa.open-in-view to disable this warning
2023-11-21T20:40:03.785+03:00  INFO 10800 --- [           main] c.b.demo.DemoApplicationTests            : Started DemoApplicationTests in 2.673 seconds (process running for 3.303)
]]></system-out>
  </testcase>
</testsuite>