<?xml version="1.0" encoding="UTF-8"?>
<testsuite xmlns:xsi="http://www.w3.org/2001/XMLSchema-instance" xsi:noNamespaceSchemaLocation="https://maven.apache.org/surefire/maven-surefire-plugin/xsd/surefire-test-report-3.0.xsd" version="3.0" name="com.budgettracker.App.AppApplicationTests" time="14.496" tests="1" errors="0" skipped="0" failures="0">
  <properties>
[...]
</properties>
  <testcase name="contextLoads" classname="com.budgettracker.App.AppApplicationTests" time="0.348">
    <system-out><![CDATA[11:11:09.263 [main] INFO org.springframework.test.context.support.AnnotationConfigContextLoaderUtils -- Could not detect default configuration classes for test class [com.budgettracker.App.AppApplicationTests]: AppApplicationTests does not declare any static, non-private, non-final, nested classes annotated with @Configuration.
11:11:09.337 [main] INFO org.springframework.boot.test.context.SpringBootTestContextBootstrapper -- Found @SpringBootConfiguration com.budgettracker.App.AppApplication for test class com.budgettracker.App.AppApplicationTests

  .   ____          _            __ _ _
 /\\ / ___'_ __ _ _(_)_ __  __ _ \ \ \ \
( ( )\___ | '_ | '_| | '_ \/ _` | \ \ \ \
 \\/  ___)| |_)| | | | | || (_| |  ) ) ) )
  '  |____| .__|_| |_|_| |_\__, | / / / /
 =========|_|==============|___/=/_/_/_/
 :: Spring Boot ::                (v3.1.5)

2023-11-22T11:11:09.704+03:00  INFO 13232 --- [           main] c.budgettracker.App.AppApplicationTests  : Starting AppApplicationTests using Java 17.0.7 with PID 13232 (started by Nilufer_Pinsoft in C:\Users\Nilufer_Pinsoft\Desktop\budget-tracker)
2023-11-22T11:11:09.705+03:00  INFO 13232 --- [           main] c.budgettracker.App.AppApplicationTests  : No active profile set, falling back to 1 default profile: "default"
2023-11-22T11:11:10.312+03:00  INFO 13232 --- [           main] .s.d.r.c.RepositoryConfigurationDelegate : Bootstrapping Spring Data JPA repositories in DEFAULT mode.
2023-11-22T11:11:10.350+03:00  INFO 13232 --- [           main] .s.d.r.c.RepositoryConfigurationDelegate : Finished Spring Data repository scanning in 31 ms. Found 1 JPA repository interfaces.
2023-11-22T11:11:10.778+03:00  INFO 13232 --- [           main] com.zaxxer.hikari.HikariDataSource       : HikariPool-1 - Starting...
2023-11-22T11:11:12.891+03:00  INFO 13232 --- [           main] com.zaxxer.hikari.pool.HikariPool        : HikariPool-1 - Added connection org.postgresql.jdbc.PgConnection@1b52699c
2023-11-22T11:11:12.893+03:00  INFO 13232 --- [           main] com.zaxxer.hikari.HikariDataSource       : HikariPool-1 - Start completed.
2023-11-22T11:11:14.025+03:00  INFO 13232 --- [           main] liquibase.database                       : Set default schema name to public
2023-11-22T11:11:15.198+03:00  INFO 13232 --- [           main] liquibase.changelog                      : Reading from public.databasechangelog
2023-11-22T11:11:17.263+03:00  INFO 13232 --- [           main] liquibase.ui                             : Database is up to date, no changesets to execute
2023-11-22T11:11:17.465+03:00  INFO 13232 --- [           main] liquibase.changelog                      : Reading from public.databasechangelog
2023-11-22T11:11:17.674+03:00  INFO 13232 --- [           main] liquibase.util                           : UPDATE SUMMARY
2023-11-22T11:11:17.674+03:00  INFO 13232 --- [           main] liquibase.util                           : Run:                          0
2023-11-22T11:11:17.674+03:00  INFO 13232 --- [           main] liquibase.util                           : Previously run:               1
2023-11-22T11:11:17.674+03:00  INFO 13232 --- [           main] liquibase.util                           : Filtered out:                 0
2023-11-22T11:11:17.674+03:00  INFO 13232 --- [           main] liquibase.util                           : -------------------------------
2023-11-22T11:11:17.674+03:00  INFO 13232 --- [           main] liquibase.util                           : Total change sets:            1
2023-11-22T11:11:17.674+03:00  INFO 13232 --- [           main] liquibase.util                           : Update summary generated
2023-11-22T11:11:18.704+03:00  INFO 13232 --- [           main] liquibase.lockservice                    : Successfully released change log lock
2023-11-22T11:11:18.907+03:00  INFO 13232 --- [           main] liquibase.command                        : Command execution complete
2023-11-22T11:11:19.202+03:00  INFO 13232 --- [           main] o.hibernate.jpa.internal.util.LogHelper  : HHH000204: Processing PersistenceUnitInfo [name: default]
2023-11-22T11:11:19.257+03:00  INFO 13232 --- [           main] org.hibernate.Version                    : HHH000412: Hibernate ORM core version 6.2.13.Final
2023-11-22T11:11:19.259+03:00  INFO 13232 --- [           main] org.hibernate.cfg.Environment            : HHH000406: Using bytecode reflection optimizer
2023-11-22T11:11:19.485+03:00  INFO 13232 --- [           main] o.s.o.j.p.SpringPersistenceUnitInfo      : No LoadTimeWeaver setup: ignoring JPA class transformer
2023-11-22T11:11:19.541+03:00  WARN 13232 --- [           main] org.hibernate.orm.deprecation            : HHH90000025: PostgreSQLDialect does not need to be specified explicitly using 'hibernate.dialect' (remove the property setting and it will be selected by default)
2023-11-22T11:11:20.549+03:00  INFO 13232 --- [           main] o.h.e.t.j.p.i.JtaPlatformInitiator       : HHH000489: No JTA platform available (set 'hibernate.transaction.jta.platform' to enable JTA platform integration)
2023-11-22T11:11:21.788+03:00  INFO 13232 --- [           main] j.LocalContainerEntityManagerFactoryBean : Initialized JPA EntityManagerFactory for persistence unit 'default'
2023-11-22T11:11:22.151+03:00  WARN 13232 --- [           main] JpaBaseConfiguration$JpaWebConfiguration : spring.jpa.open-in-view is enabled by default. Therefore, database queries may be performed during view rendering. Explicitly configure spring.jpa.open-in-view to disable this warning
2023-11-22T11:11:22.167+03:00  WARN 13232 --- [           main] .s.s.UserDetailsServiceAutoConfiguration : 

Using generated security password: a90ea14c-4dc9-4d0b-8172-806e86bc81fe

This generated password is for development use only. Your security configuration must be updated before running your application in production.

2023-11-22T11:11:22.253+03:00  INFO 13232 --- [           main] o.s.s.web.DefaultSecurityFilterChain     : Will secure any request with [org.springframework.security.web.session.DisableEncodeUrlFilter@3524ee20, org.springframework.security.web.context.request.async.WebAsyncManagerIntegrationFilter@6bc1c8d0, org.springframework.security.web.context.SecurityContextHolderFilter@6b6c882c, org.springframework.security.web.header.HeaderWriterFilter@34e1c23d, org.springframework.security.web.authentication.logout.LogoutFilter@13446044, org.springframework.security.web.savedrequest.RequestCacheAwareFilter@8d5b303, org.springframework.security.web.servletapi.SecurityContextHolderAwareRequestFilter@56a6aadb, org.springframework.security.web.authentication.AnonymousAuthenticationFilter@7f93fce1, org.springframework.security.web.access.ExceptionTranslationFilter@741687d4, org.springframework.security.web.access.intercept.AuthorizationFilter@752573df]
2023-11-22T11:11:23.261+03:00  INFO 13232 --- [           main] c.budgettracker.App.AppApplicationTests  : Started AppApplicationTests in 13.776 seconds (process running for 14.588)
]]></system-out>
  </testcase>
</testsuite>